Build started 11/15/2016 12:59:34 AM.
     1>Project "C:\Users\jeevu\OneDrive\Documents\Visual Studio 2013\Projects\sort_app\sort_app\sort_app.vcxproj" on node 2 (Build target(s)).
     1>ClCompile:
         C:\Program Files (x86)\Microsoft Visual Studio 12.0\VC\bin\CL.exe /c /I"C:\Users\jeevu\Downloads\Glew and Glut\freeglut\include" /I"C:\Users\jeevu\Downloads\Glew and Glut\glew-1.11.0\include" /ZI /nologo /W3 /WX- /sdl /Od /Oy- /D WIN32 /D _DEBUG /D _CONSOLE /D _LIB /D _UNICODE /D UNICODE /Gm /EHsc /RTC1 /MDd /GS /fp:precise /Zc:wchar_t /Zc:forScope /Fo"Debug\\" /Fd"Debug\vc120.pdb" /Gd /TP /analyze- /errorReport:prompt selection_sort.cpp
         selection_sort.cpp
     1>c:\users\jeevu\onedrive\documents\visual studio 2013\projects\sort_app\sort_app\selection_sort.cpp(12): warning C4101: 'k' : unreferenced local variable
     1>c:\users\jeevu\onedrive\documents\visual studio 2013\projects\sort_app\sort_app\selection_sort.cpp(36): warning C4018: '<' : signed/unsigned mismatch
     1>c:\users\jeevu\onedrive\documents\visual studio 2013\projects\sort_app\sort_app\selection_sort.cpp(47): warning C4018: '<' : signed/unsigned mismatch
     1>c:\users\jeevu\onedrive\documents\visual studio 2013\projects\sort_app\sort_app\selection_sort.cpp(58): warning C4018: '<' : signed/unsigned mismatch
     1>c:\users\jeevu\onedrive\documents\visual studio 2013\projects\sort_app\sort_app\selection_sort.cpp(69): warning C4244: 'argument' : conversion from 'int' to 'GLfloat', possible loss of data
     1>c:\users\jeevu\onedrive\documents\visual studio 2013\projects\sort_app\sort_app\selection_sort.cpp(70): warning C4244: 'argument' : conversion from 'int' to 'GLfloat', possible loss of data
     1>c:\users\jeevu\onedrive\documents\visual studio 2013\projects\sort_app\sort_app\selection_sort.cpp(113): warning C4305: 'argument' : truncation from 'double' to 'GLfloat'
     1>c:\users\jeevu\onedrive\documents\visual studio 2013\projects\sort_app\sort_app\selection_sort.cpp(132): warning C4244: 'argument' : conversion from 'int' to 'float', possible loss of data
     1>c:\users\jeevu\onedrive\documents\visual studio 2013\projects\sort_app\sort_app\selection_sort.cpp(135): warning C4244: 'argument' : conversion from 'int' to 'float', possible loss of data
       Link:
         C:\Program Files (x86)\Microsoft Visual Studio 12.0\VC\bin\link.exe /ERRORREPORT:PROMPT /OUT:"C:\Users\jeevu\OneDrive\Documents\Visual Studio 2013\Projects\sort_app\Debug\sort_app.exe" /INCREMENTAL /NOLOGO /LIBPATH:"C:\Users\jeevu\Downloads\Glew and Glut\freeglut\lib" /LIBPATH:"C:\Users\jeevu\Downloads\Glew and Glut\glew-1.11.0\lib" freeglut.lib glew32.lib kernel32.lib user32.lib gdi32.lib winspool.lib comdlg32.lib advapi32.lib shell32.lib ole32.lib oleaut32.lib uuid.lib odbc32.lib odbccp32.lib /MANIFEST /MANIFESTUAC:"level='asInvoker' uiAccess='false'" /manifest:embed /DEBUG /PDB:"C:\Users\jeevu\OneDrive\Documents\Visual Studio 2013\Projects\sort_app\Debug\sort_app.pdb" /SUBSYSTEM:CONSOLE /TLBID:1 /DYNAMICBASE /NXCOMPAT /IMPLIB:"C:\Users\jeevu\OneDrive\Documents\Visual Studio 2013\Projects\sort_app\Debug\sort_app.lib" /MACHINE:X86 Debug\selection_sort.obj
         Debug\Source.obj
         sort_app.vcxproj -> C:\Users\jeevu\OneDrive\Documents\Visual Studio 2013\Projects\sort_app\Debug\sort_app.exe
     1>Done Building Project "C:\Users\jeevu\OneDrive\Documents\Visual Studio 2013\Projects\sort_app\sort_app\sort_app.vcxproj" (Build target(s)).

Build succeeded.

Time Elapsed 00:00:01.74
